slurmstepd: task/cgroup: unable to add task[pid=77791] to memory cg '(null)'
slurmstepd: jobacct_gather/cgroup: unable to instanciate job 59628 memory cgroup

=================
== KDD12
=================

[bc12u25n3:39938] *** Process received signal ***
[bc12u25n3:39938] Signal: Segmentation fault (11)
[bc12u25n3:39938] Signal code: Address not mapped (1)
[bc12u25n3:39938] Failing at address: 0x38
[bc12u25n3:39938] [ 0] /usr/lib64/libpthread.so.0(+0xf5d0)[0x7f1e11d825d0]
[bc12u25n3:39938] [ 1] /opt/apps/software/Compiler/GCC/6.4.0/OpenMPI/2.1.3/lib/openmpi/mca_mtl_psm2.so(ompi_mtl_psm2_isend+0x103)[0x7f1e0bdcb043]
[bc12u25n3:39938] [ 2] /opt/apps/software/Compiler/GCC/6.4.0/OpenMPI/2.1.3/lib/openmpi/mca_pml_cm.so(+0x327b)[0x7f1e0bfe027b]
[bc12u25n3:39938] [ 3] /opt/apps/software/Compiler/GCC/6.4.0/OpenMPI/2.1.3/lib/libmpi.so.20(ompi_coll_base_bcast_intra_generic+0x16e)[0x7f1e125ca4de]
[bc12u25n3:39938] [ 4] /opt/apps/software/Compiler/GCC/6.4.0/OpenMPI/2.1.3/lib/libmpi.so.20(ompi_coll_base_bcast_intra_binomial+0xb2)[0x7f1e125cad02]
[bc12u25n3:39938] [ 5] /opt/apps/software/Compiler/GCC/6.4.0/OpenMPI/2.1.3/lib/openmpi/mca_coll_tuned.so(ompi_coll_tuned_bcast_intra_dec_fixed+0xcb)[0x7f1e0bb14e9b]
[bc12u25n3:39938] [ 6] /opt/apps/software/Compiler/GCC/6.4.0/OpenMPI/2.1.3/lib/libmpi.so.20(PMPI_Bcast+0x1a0)[0x7f1e12591cd0]
[bc12u25n3:39938] [ 7] /scratch/ncm5/Distributed-LSH-Algorithm-For-Similarity-Search/src/./runme[0x40a326]
[bc12u25n3:39938] [ 8] /scratch/ncm5/Distributed-LSH-Algorithm-For-Similarity-Search/src/./runme[0x4075cb]
[bc12u25n3:39938] [ 9] /scratch/ncm5/Distributed-LSH-Algorithm-For-Similarity-Search/src/./runme[0x402c49]
[bc12u25n3:39938] [10] /usr/lib64/libc.so.6(__libc_start_main+0xf5)[0x7f1e119c83d5]
[bc12u25n3:39938] [11] /scratch/ncm5/Distributed-LSH-Algorithm-For-Similarity-Search/src/./runme[0x402e57]
[bc12u25n3:39938] *** End of error message ***
srun: error: bc12u25n3: task 0: Segmentation fault
srun: Job step aborted: Waiting up to 32 seconds for job step to finish.
slurmstepd: *** JOB 59628 ON bc12u25n3 CANCELLED AT 2019-11-28T11:58:22 DUE TO TIME LIMIT ***
srun: error: bc12u29n2: task 4: Terminated
